<?xml version='1.1' encoding='UTF-8'?>
<result plugin="junit@1.37">
  <suites>
    <suite>
      <file>C:\Program Files (x86)\Jenkins\workspace\spring-sql-restapi2_main\target\surefire-reports\TEST-com.staxrt.tutorial.UnitTests.xml</file>
      <name>com.staxrt.tutorial.UnitTests</name>
      <duration>16.348</duration>
      <time>16.348</time>
      <nodeId>56</nodeId>
      <enclosingBlocks>
        <string>48</string>
      </enclosingBlocks>
      <enclosingBlockNames>
        <string>Unit Tests</string>
      </enclosingBlockNames>
      <cases>
        <case>
          <duration>0.67</duration>
          <className>com.staxrt.tutorial.UnitTests</className>
          <testName>testGetAllUsers</testName>
          <skipped>false</skipped>
          <failedSince>0</failedSince>
        </case>
        <case>
          <duration>0.165</duration>
          <className>com.staxrt.tutorial.UnitTests</className>
          <testName>testUpdatePost</testName>
          <skipped>false</skipped>
          <failedSince>0</failedSince>
        </case>
        <case>
          <duration>0.02</duration>
          <className>com.staxrt.tutorial.UnitTests</className>
          <testName>testCreateUser</testName>
          <skipped>false</skipped>
          <failedSince>0</failedSince>
        </case>
        <case>
          <duration>0.053</duration>
          <className>com.staxrt.tutorial.UnitTests</className>
          <testName>testDeletePost</testName>
          <skipped>false</skipped>
          <failedSince>0</failedSince>
        </case>
        <case>
          <duration>0.003</duration>
          <className>com.staxrt.tutorial.UnitTests</className>
          <testName>contextLoads</testName>
          <skipped>false</skipped>
          <failedSince>0</failedSince>
        </case>
        <case>
          <duration>0.017</duration>
          <className>com.staxrt.tutorial.UnitTests</className>
          <testName>testGetUserById</testName>
          <skipped>false</skipped>
          <failedSince>0</failedSince>
        </case>
      </cases>
    </suite>
  </suites>
  <duration>16.348</duration>
  <keepLongStdio>false</keepLongStdio>
</result>